build/app/outputs/mapping/release/mapping.txt
# compiler: R8
# compiler_version: 1.5.64
# min_api: 16
# pg_map_id: a03744f
...
androidx.fragment.app.FragmentManagerImpl$FragmentLifecycleCallbacksHolder -> androidx.fragment.app.j$i:
    boolean mRecursive -> b
    androidx.fragment.app.FragmentManager$FragmentLifecycleCallbacks mCallback -> a
androidx.fragment.app.FragmentManagerImpl$FragmentTag -> androidx.fragment.app.j$j:
    int[] Fragment -> a
androidx.fragment.app.FragmentManagerImpl$OpGenerator -> androidx.fragment.app.j$k:
    boolean generateOps(java.util.ArrayList,java.util.ArrayList) -> a
androidx.fragment.app.FragmentManagerImpl$PopBackStackState -> androidx.fragment.app.j$l:
    androidx.fragment.app.FragmentManagerImpl this$0 -> d
    java.lang.String mName -> a
    int mId -> b
    int mFlags -> c
    boolean generateOps(java.util.ArrayList,java.util.ArrayList) -> a
androidx.fragment.app.FragmentManagerImpl$StartEnterTransitionListener -> androidx.fragment.app.j$m:
    boolean mIsBack -> a
    int mNumPostponed -> c
    androidx.fragment.app.BackStackRecord mRecord -> b
    void onStartEnterTransition() -> a
    void startListening() -> b
    void cancelTransaction() -> c
    void completeTransaction() -> d
    boolean isReady() -> e
androidx.fragment.app.FragmentManagerState -> androidx.fragment.app.k:
    int mNextFragmentIndex -> f
    java.util.ArrayList mAdded -> c
    java.util.ArrayList mActive -> b
    androidx.fragment.app.BackStackState[] mBackStack -> d
    java.lang.String mPrimaryNavActiveWho -> e
androidx.fragment.app.FragmentManagerState$1 -> androidx.fragment.app.k$a:
androidx.fragment.app.FragmentManagerViewModel -> androidx.fragment.app.l:
    androidx.lifecycle.ViewModelProvider$Factory FACTORY -> h
    java.util.HashSet mRetainedFragments -> b
    boolean mStateAutomaticallySaved -> e
    boolean mHasBeenCleared -> f
    boolean mHasSavedSnapshot -> g
    java.util.HashMap mViewModelStores -> d
    java.util.HashMap mChildNonConfigs -> c
    boolean addRetainedFragment(androidx.fragment.app.Fragment) -> a
    androidx.fragment.app.FragmentManagerViewModel getInstance(androidx.lifecycle.ViewModelStore) -> a
    void clearNonConfigState(androidx.fragment.app.Fragment) -> b
    void onCleared() -> b
    androidx.fragment.app.FragmentManagerViewModel getChildNonConfig(androidx.fragment.app.Fragment) -> c
    java.util.Collection getRetainedFragments() -> c
    androidx.lifecycle.ViewModelStore getViewModelStore(androidx.fragment.app.Fragment) -> d
    boolean isCleared() -> d
    boolean removeRetainedFragment(androidx.fragment.app.Fragment) -> e
    boolean shouldDestroy(androidx.fragment.app.Fragment) -> f
androidx.fragment.app.FragmentManagerViewModel$1 -> androidx.fragment.app.l$a:
    androidx.lifecycle.ViewModel create(java.lang.Class) -> a
androidx.fragment.app.FragmentState -> androidx.fragment.app.m:
    java.lang.String mTag -> g
    int mMaxLifecycleState -> m
    boolean mRemoving -> i
    boolean mDetached -> j
    boolean mHidden -> l
    int mContainerId -> f
    androidx.fragment.app.Fragment mInstance -> o
    int mFragmentId -> e
    android.os.Bundle mArguments -> k
    android.os.Bundle mSavedFragmentState -> n
    boolean mRetainInstance -> h
    java.lang.String mWho -> c
    java.lang.String mClassName -> b
    boolean mFromLayout -> d
    androidx.fragment.app.Fragment instantiate(java.lang.ClassLoader,androidx.fragment.app.FragmentFactory) -> a
androidx.fragment.app.FragmentState$1 -> androidx.fragment.app.m$a: